<?xml version="1.0" encoding="UTF-8"?>
<!-- Generated by org.testng.reporters.JUnitReportReporter -->
<testsuite hostname="SWATHI-LAPTOP" failures="0" tests="1" name="DemoChromeLaunch.OpenApplicationGoogleChrome" time="9.822" errors="0" timestamp="2022-04-19T09:33:05 IST" skipped="0">
  <testcase classname="DemoChromeLaunch.OpenApplicationGoogleChrome" name="OpenGoogleAppChromeBrowser" time="9.822"/>
  <system-out/>
</testsuite> <!-- DemoChromeLaunch.OpenApplicationGoogleChrome -->
