<?xml version="1.0" encoding="UTF-8"?>
<!-- Generated by org.testng.reporters.JUnitReportReporter -->
<testsuite hostname="SWATHI-LAPTOP" failures="0" tests="1" name="TestCase" time="19.780" errors="0" timestamp="2022-04-14T09:28:25 IST" skipped="0">
  <testcase classname="TestCase" name="test" time="19.780"/>
  <system-out/>
</testsuite> <!-- TestCase -->
